<?xml version="1.0" encoding="UTF-8"?>
<!-- Generated by org.testng.reporters.JUnitReportReporter -->
<testsuite hostname="Doshena" failures="0" tests="3" name="android.BlazeLoginTest" time="41.056" errors="0" timestamp="2024-05-22T16:50:42 CEST" skipped="0">
  <testcase classname="android.BlazeLoginTest" name="test_Login_And_Verify" time="13.021"/>
  <testcase classname="android.BlazeLoginTest" name="test_Login_And_Verify_About_Us" time="16.150"/>
  <testcase classname="android.BlazeLoginTest" name="test_Alert" time="11.885"/>
</testsuite> <!-- android.BlazeLoginTest -->
