<?xml version="1.0" encoding="UTF-8"?>
<!-- Generated by org.testng.reporters.JUnitReportReporter -->
<testsuite hostname="Doshena" failures="0" tests="1" name="android.BlazeFindAndPurchaseTest" time="21.008" errors="0" timestamp="2024-06-04T19:58:22 CEST" skipped="0">
  <testcase classname="android.BlazeFindAndPurchaseTest" name="test_Find_Purchase" time="21.008"/>
</testsuite> <!-- android.BlazeFindAndPurchaseTest -->
