<?xml version="1.0" encoding="UTF-8"?>
<!-- Generated by org.testng.reporters.JUnitReportReporter -->
<testsuite hostname="Doshena" failures="0" tests="4" name="android.RestTest" time="2.258" errors="0" timestamp="2024-06-04T10:19:31 CEST" skipped="0">
  <testcase classname="android.RestTest" name="GetBookDetails" time="1.573"/>
  <testcase classname="android.RestTest" name="GetBookDetailsNo2" time="0.207"/>
  <testcase classname="android.RestTest" name="GetBookDetailsNo23" time="0.314"/>
  <testcase classname="android.RestTest" name="GetBookDetailsNo24" time="0.164"/>
</testsuite> <!-- android.RestTest -->
