<?xml version="1.0" encoding="UTF-8"?>
<!-- Generated by org.testng.reporters.JUnitReportReporter -->
<testsuite hostname="Doshena" failures="0" tests="4" name="android.RestTest" time="3.077" errors="0" timestamp="2024-05-28T20:35:18 CEST" skipped="0">
  <testcase classname="android.RestTest" name="GetBookDetailsNo23" time="0.165"/>
  <testcase classname="android.RestTest" name="GetBookDetailsNo24" time="0.182"/>
  <testcase classname="android.RestTest" name="GetBookDetails" time="2.547"/>
  <testcase classname="android.RestTest" name="GetBookDetailsNo2" time="0.183"/>
</testsuite> <!-- android.RestTest -->
