<?xml version="1.0" encoding="UTF-8"?>
<!-- Generated by org.testng.reporters.JUnitReportReporter -->
<testsuite hostname="Doshena" failures="0" tests="3" name="android.RestTest2" time="0.495" errors="0" timestamp="2024-05-22T16:50:42 CEST" skipped="0">
  <testcase classname="android.RestTest2" name="GetBookDetailsNo23" time="0.160"/>
  <testcase classname="android.RestTest2" name="GetBookDetails" time="0.172"/>
  <testcase classname="android.RestTest2" name="GetBookDetailsNo2" time="0.163"/>
</testsuite> <!-- android.RestTest2 -->
