<?xml version="1.0" encoding="UTF-8"?>
<!-- Generated by org.testng.reporters.JUnitReportReporter -->
<testsuite hostname="Doshena" failures="0" tests="5" name="android.RestTest3" time="3.101" errors="0" timestamp="2024-05-26T15:54:14 CEST" skipped="0">
  <testcase classname="android.RestTest3" name="GetBookDetailsNo8" time="0.174"/>
  <testcase classname="android.RestTest3" name="GetBookDetailsNo25" time="0.166"/>
  <testcase classname="android.RestTest3" name="GetBookDetailsNo23" time="0.169"/>
  <testcase classname="android.RestTest3" name="GetBookDetailsN" time="0.177"/>
  <testcase classname="android.RestTest3" name="GetBookDetails" time="2.415"/>
</testsuite> <!-- android.RestTest3 -->
