<?xml version="1.0" encoding="UTF-8"?>
<!-- Generated by org.testng.reporters.JUnitReportReporter -->
<testsuite hostname="Doshena" failures="0" tests="3" name="android.BlazeLoginTest" time="48.353" errors="0" timestamp="2024-05-06T23:07:18 CEST" skipped="0">
  <testcase classname="android.BlazeLoginTest" name="test_Login_And_Verify" time="13.973"/>
  <testcase classname="android.BlazeLoginTest" name="test_Login_And_Verify_About_Us" time="19.163"/>
  <testcase classname="android.BlazeLoginTest" name="test_Alert" time="15.217"/>
</testsuite> <!-- android.BlazeLoginTest -->
