<?xml version="1.0" encoding="UTF-8"?>
<!-- Generated by org.testng.reporters.JUnitReportReporter -->
<testsuite hostname="Doshena" failures="0" tests="3" name="android.RestTest" time="2.643" errors="0" timestamp="2024-05-22T16:50:43 CEST" skipped="0">
  <testcase classname="android.RestTest" name="GetBookDetailsNo2" time="0.205"/>
  <testcase classname="android.RestTest" name="GetBookDetails" time="2.249"/>
  <testcase classname="android.RestTest" name="GetBookDetailsNo23" time="0.189"/>
</testsuite> <!-- android.RestTest -->
