<?xml version="1.0" encoding="UTF-8"?>
<!-- Generated by org.testng.reporters.JUnitReportReporter -->
<testsuite hostname="Doshena" failures="0" tests="3" name="android.RestTest" time="4.123" errors="0" timestamp="2024-05-26T10:29:00 CEST" skipped="0">
  <testcase classname="android.RestTest" name="GetBookDetailsNo2" time="0.438"/>
  <testcase classname="android.RestTest" name="GetBookDetailsNo23" time="0.318"/>
  <testcase classname="android.RestTest" name="GetBookDetails" time="3.367"/>
</testsuite> <!-- android.RestTest -->
