<?xml version="1.0" encoding="UTF-8"?>
<!-- Generated by org.testng.reporters.JUnitReportReporter -->
<testsuite hostname="Doshena" failures="0" tests="1" name="android.Test1" time="5.420" errors="0" timestamp="2024-06-04T19:55:31 CEST" skipped="0">
  <testcase classname="android.Test1" name="checkTheUrl" time="5.420"/>
</testsuite> <!-- android.Test1 -->
