<?xml version="1.0" encoding="UTF-8"?>
<!-- Generated by org.testng.reporters.JUnitReportReporter -->
<testsuite hostname="Doshena" failures="0" tests="3" name="android.BlazeLoginTest" time="47.023" errors="0" timestamp="2024-06-04T20:12:15 CEST" skipped="0">
  <testcase classname="android.BlazeLoginTest" name="test_Login_And_Verify" time="16.269"/>
  <testcase classname="android.BlazeLoginTest" name="test_Login_And_Verify_About_Us" time="17.410"/>
  <testcase classname="android.BlazeLoginTest" name="test_Alert" time="13.344"/>
</testsuite> <!-- android.BlazeLoginTest -->
