<?xml version="1.0" encoding="UTF-8"?>
<!-- Generated by org.testng.reporters.JUnitReportReporter -->
<testsuite hostname="Doshena" failures="0" tests="1" name="android.BlazeFindAndPurchaseTest" time="31.826" errors="0" timestamp="2024-05-29T10:29:03 CEST" skipped="0">
  <testcase classname="android.BlazeFindAndPurchaseTest" name="test_Find_Purchase" time="31.826"/>
</testsuite> <!-- android.BlazeFindAndPurchaseTest -->
