<?xml version="1.0" encoding="UTF-8"?>
<!-- Generated by org.testng.reporters.JUnitReportReporter -->
<testsuite hostname="Doshena" failures="0" tests="3" name="android.BlazeLoginTest" time="7190.144" errors="0" timestamp="2024-05-28T10:28:18 CEST" skipped="0">
  <testcase classname="android.BlazeLoginTest" name="test_Login_And_Verify" time="30.211"/>
  <testcase classname="android.BlazeLoginTest" name="test_Login_And_Verify_About_Us" time="17.796"/>
  <testcase classname="android.BlazeLoginTest" name="test_Alert" time="7142.137"/>
</testsuite> <!-- android.BlazeLoginTest -->
