<?xml version="1.0" encoding="UTF-8"?>
<!-- Generated by org.testng.reporters.JUnitReportReporter -->
<testsuite hostname="Doshena" failures="0" tests="3" name="android.RestTest2" time="0.551" errors="0" timestamp="2024-06-04T10:18:22 CEST" skipped="0">
  <testcase classname="android.RestTest2" name="GetBookDetailsNo2" time="0.184"/>
  <testcase classname="android.RestTest2" name="GetBookDetails" time="0.189"/>
  <testcase classname="android.RestTest2" name="GetBookDetailsNo23" time="0.178"/>
</testsuite> <!-- android.RestTest2 -->
