<?xml version="1.0" encoding="UTF-8"?>
<!-- Generated by org.testng.reporters.JUnitReportReporter -->
<testsuite hostname="Doshena" failures="0" tests="3" name="android.RestTest" time="3.314" errors="0" timestamp="2024-05-28T10:28:18 CEST" skipped="0">
  <testcase classname="android.RestTest" name="GetBookDetailsNo23" time="0.314"/>
  <testcase classname="android.RestTest" name="GetBookDetailsNo2" time="0.203"/>
  <testcase classname="android.RestTest" name="GetBookDetails" time="2.797"/>
</testsuite> <!-- android.RestTest -->
