<?xml version="1.0" encoding="UTF-8"?>
<!-- Generated by org.testng.reporters.JUnitReportReporter -->
<testsuite hostname="Doshena" failures="0" tests="3" name="android.BlazeLoginTest" time="7201.889" errors="0" timestamp="2024-05-29T10:29:03 CEST" skipped="0">
  <testcase classname="android.BlazeLoginTest" name="test_Login_And_Verify" time="29.254"/>
  <testcase classname="android.BlazeLoginTest" name="test_Login_And_Verify_About_Us" time="21.721"/>
  <testcase classname="android.BlazeLoginTest" name="test_Alert" time="7150.914"/>
</testsuite> <!-- android.BlazeLoginTest -->
