<?xml version="1.0" encoding="UTF-8"?>
<!-- Generated by org.testng.reporters.JUnitReportReporter -->
<testsuite hostname="Doshena" failures="0" tests="3" name="android.BlazeLoginTest" time="46.044" errors="0" timestamp="2024-05-07T09:01:23 CEST" skipped="0">
  <testcase classname="android.BlazeLoginTest" name="test_Login_And_Verify" time="14.783"/>
  <testcase classname="android.BlazeLoginTest" name="test_Login_And_Verify_About_Us" time="17.938"/>
  <testcase classname="android.BlazeLoginTest" name="test_Alert" time="13.323"/>
</testsuite> <!-- android.BlazeLoginTest -->
