<?xml version="1.0" encoding="UTF-8"?>
<!-- Generated by org.testng.reporters.JUnitReportReporter -->
<testsuite hostname="Doshena" failures="0" tests="4" name="android.RestTest" time="3.245" errors="0" timestamp="2024-05-29T10:29:03 CEST" skipped="0">
  <testcase classname="android.RestTest" name="GetBookDetailsNo24" time="0.157"/>
  <testcase classname="android.RestTest" name="GetBookDetails" time="2.742"/>
  <testcase classname="android.RestTest" name="GetBookDetailsNo23" time="0.157"/>
  <testcase classname="android.RestTest" name="GetBookDetailsNo2" time="0.189"/>
</testsuite> <!-- android.RestTest -->
