<?xml version="1.0" encoding="UTF-8"?>
<!-- Generated by org.testng.reporters.JUnitReportReporter -->
<testsuite hostname="Doshena" failures="0" tests="3" name="android.RestTest2" time="0.509" errors="0" timestamp="2024-05-28T10:28:18 CEST" skipped="0">
  <testcase classname="android.RestTest2" name="GetBookDetailsNo2" time="0.176"/>
  <testcase classname="android.RestTest2" name="GetBookDetails" time="0.174"/>
  <testcase classname="android.RestTest2" name="GetBookDetailsNo23" time="0.159"/>
</testsuite> <!-- android.RestTest2 -->
