<?xml version="1.0" encoding="UTF-8"?>
<!-- Generated by org.testng.reporters.JUnitReportReporter -->
<testsuite hostname="Doshena" failures="0" tests="4" name="android.RestTest" time="3.218" errors="0" timestamp="2024-06-04T10:18:22 CEST" skipped="0">
  <testcase classname="android.RestTest" name="GetBookDetails" time="2.612"/>
  <testcase classname="android.RestTest" name="GetBookDetailsNo23" time="0.184"/>
  <testcase classname="android.RestTest" name="GetBookDetailsNo2" time="0.221"/>
  <testcase classname="android.RestTest" name="GetBookDetailsNo24" time="0.201"/>
</testsuite> <!-- android.RestTest -->
