<?xml version="1.0" encoding="UTF-8"?>
<!-- Generated by org.testng.reporters.JUnitReportReporter -->
<testsuite hostname="Doshena" failures="0" tests="3" name="android.RestTest" time="3.281" errors="0" timestamp="2024-05-24T10:29:07 CEST" skipped="0">
  <testcase classname="android.RestTest" name="GetBookDetailsNo2" time="0.199"/>
  <testcase classname="android.RestTest" name="GetBookDetails" time="2.910"/>
  <testcase classname="android.RestTest" name="GetBookDetailsNo23" time="0.172"/>
</testsuite> <!-- android.RestTest -->
