<?xml version="1.0" encoding="UTF-8"?>
<!-- Generated by org.testng.reporters.JUnitReportReporter -->
<testsuite hostname="Doshena" failures="0" tests="3" name="android.BlazeLoginTest" time="50.210" errors="0" timestamp="2024-05-24T10:29:07 CEST" skipped="0">
  <testcase classname="android.BlazeLoginTest" name="test_Login_And_Verify" time="19.077"/>
  <testcase classname="android.BlazeLoginTest" name="test_Login_And_Verify_About_Us" time="18.356"/>
  <testcase classname="android.BlazeLoginTest" name="test_Alert" time="12.777"/>
</testsuite> <!-- android.BlazeLoginTest -->
