<?xml version="1.0" encoding="UTF-8"?>
<!-- Generated by org.testng.reporters.JUnitReportReporter -->
<testsuite hostname="Doshena" failures="0" tests="1" name="android.BlazeFindAndPurchaseTest" time="7116.836" errors="0" timestamp="2024-05-24T10:29:07 CEST" skipped="0">
  <testcase classname="android.BlazeFindAndPurchaseTest" name="test_Find_Purchase" time="7116.836"/>
</testsuite> <!-- android.BlazeFindAndPurchaseTest -->
